<?xml version="1.0" encoding="UTF-8"?>
<testng-results skipped="2" failed="0" ignored="0" total="2" passed="0">
  <reporter-output>
  </reporter-output>
  <suite name="Default suite" duration-ms="25" started-at="2021-04-16T10:09:57Z" finished-at="2021-04-16T10:09:57Z">
    <groups>
    </groups>
    <test name="Default test" duration-ms="25" started-at="2021-04-16T10:09:57Z" finished-at="2021-04-16T10:09:57Z">
      <class name="in.co.mercurytravels.tests.MercuryTravelTestCases">
        <test-method status="FAIL" signature="preconfig()[pri:0, instance:in.co.mercurytravels.tests.MercuryTravelTestCases@6d7b4f4c]" name="preconfig" is-config="true" duration-ms="32" started-at="2021-04-16T10:09:57Z" finished-at="2021-04-16T10:09:57Z">
          <exception class="java.lang.NoClassDefFoundError">
            <message>
              <![CDATA[freemarker/ext/beans/BeansWrapperBuilder]]>
            </message>
            <full-stacktrace>
              <![CDATA[java.lang.NoClassDefFoundError: freemarker/ext/beans/BeansWrapperBuilder
at com.aventstack.extentreports.reporter.ExtentHtmlReporter.start(ExtentHtmlReporter.java:93)
at com.aventstack.extentreports.Report.attach(Report.java:55)
at java.util.Spliterators$ArraySpliterator.forEachRemaining(Spliterators.java:948)
at java.util.stream.ReferencePipeline$Head.forEach(ReferencePipeline.java:580)
at com.aventstack.extentreports.ExtentReports.attachReporter(ExtentReports.java:68)
at in.co.mercurytravels.tests.BaseTest.preconfig(BaseTest.java:90)
at sun.reflect.NativeMethodAccessorImpl.invoke0(Native Method)
at sun.reflect.NativeMethodAccessorImpl.invoke(NativeMethodAccessorImpl.java:62)
at sun.reflect.DelegatingMethodAccessorImpl.invoke(DelegatingMethodAccessorImpl.java:43)
at java.lang.reflect.Method.invoke(Method.java:498)
at org.testng.internal.MethodInvocationHelper.invokeMethod(MethodInvocationHelper.java:124)
at org.testng.internal.MethodInvocationHelper.invokeMethodConsideringTimeout(MethodInvocationHelper.java:59)
at org.testng.internal.Invoker.invokeConfigurationMethod(Invoker.java:458)
at org.testng.internal.Invoker.invokeConfigurations(Invoker.java:222)
at org.testng.internal.Invoker.invokeConfigurations(Invoker.java:142)
at org.testng.SuiteRunner.privateRun(SuiteRunner.java:401)
at org.testng.SuiteRunner.run(SuiteRunner.java:364)
at org.testng.SuiteRunnerWorker.runSuite(SuiteRunnerWorker.java:52)
at org.testng.SuiteRunnerWorker.run(SuiteRunnerWorker.java:84)
at org.testng.TestNG.runSuitesSequentially(TestNG.java:1208)
at org.testng.TestNG.runSuitesLocally(TestNG.java:1137)
at org.testng.TestNG.runSuites(TestNG.java:1049)
at org.testng.TestNG.run(TestNG.java:1017)
at org.testng.remote.AbstractRemoteTestNG.run(AbstractRemoteTestNG.java:132)
at org.testng.remote.RemoteTestNG.initAndRun(RemoteTestNG.java:230)
at org.testng.remote.RemoteTestNG.main(RemoteTestNG.java:76)
Caused by: java.lang.ClassNotFoundException: freemarker.ext.beans.BeansWrapperBuilder
at java.net.URLClassLoader.findClass(URLClassLoader.java:382)
at java.lang.ClassLoader.loadClass(ClassLoader.java:418)
at sun.misc.Launcher$AppClassLoader.loadClass(Launcher.java:355)
at java.lang.ClassLoader.loadClass(ClassLoader.java:351)
... 26 more
]]>
            </full-stacktrace>
          </exception> <!-- java.lang.NoClassDefFoundError -->
          <reporter-output>
          </reporter-output>
        </test-method> <!-- preconfig -->
        <test-method status="SKIP" signature="setUp()[pri:0, instance:in.co.mercurytravels.tests.MercuryTravelTestCases@6d7b4f4c]" name="setUp" is-config="true" duration-ms="0" started-at="2021-04-16T10:09:57Z" finished-at="2021-04-16T10:09:57Z">
          <reporter-output>
          </reporter-output>
        </test-method> <!-- setUp -->
        <test-method status="SKIP" signature="verifyLuxuryRailslink()[pri:0, instance:in.co.mercurytravels.tests.MercuryTravelTestCases@6d7b4f4c]" name="verifyLuxuryRailslink" duration-ms="0" started-at="2021-04-16T10:09:57Z" finished-at="2021-04-16T10:09:57Z">
          <exception class="java.lang.NoClassDefFoundError">
            <message>
              <![CDATA[freemarker/ext/beans/BeansWrapperBuilder]]>
            </message>
            <full-stacktrace>
              <![CDATA[java.lang.NoClassDefFoundError: freemarker/ext/beans/BeansWrapperBuilder
at com.aventstack.extentreports.reporter.ExtentHtmlReporter.start(ExtentHtmlReporter.java:93)
at com.aventstack.extentreports.Report.attach(Report.java:55)
at java.util.Spliterators$ArraySpliterator.forEachRemaining(Spliterators.java:948)
at java.util.stream.ReferencePipeline$Head.forEach(ReferencePipeline.java:580)
at com.aventstack.extentreports.ExtentReports.attachReporter(ExtentReports.java:68)
at in.co.mercurytravels.tests.BaseTest.preconfig(BaseTest.java:90)
at sun.reflect.NativeMethodAccessorImpl.invoke0(Native Method)
at sun.reflect.NativeMethodAccessorImpl.invoke(NativeMethodAccessorImpl.java:62)
at sun.reflect.DelegatingMethodAccessorImpl.invoke(DelegatingMethodAccessorImpl.java:43)
at java.lang.reflect.Method.invoke(Method.java:498)
at org.testng.internal.MethodInvocationHelper.invokeMethod(MethodInvocationHelper.java:124)
at org.testng.internal.MethodInvocationHelper.invokeMethodConsideringTimeout(MethodInvocationHelper.java:59)
at org.testng.internal.Invoker.invokeConfigurationMethod(Invoker.java:458)
at org.testng.internal.Invoker.invokeConfigurations(Invoker.java:222)
at org.testng.internal.Invoker.invokeConfigurations(Invoker.java:142)
at org.testng.SuiteRunner.privateRun(SuiteRunner.java:401)
at org.testng.SuiteRunner.run(SuiteRunner.java:364)
at org.testng.SuiteRunnerWorker.runSuite(SuiteRunnerWorker.java:52)
at org.testng.SuiteRunnerWorker.run(SuiteRunnerWorker.java:84)
at org.testng.TestNG.runSuitesSequentially(TestNG.java:1208)
at org.testng.TestNG.runSuitesLocally(TestNG.java:1137)
at org.testng.TestNG.runSuites(TestNG.java:1049)
at org.testng.TestNG.run(TestNG.java:1017)
at org.testng.remote.AbstractRemoteTestNG.run(AbstractRemoteTestNG.java:132)
at org.testng.remote.RemoteTestNG.initAndRun(RemoteTestNG.java:230)
at org.testng.remote.RemoteTestNG.main(RemoteTestNG.java:76)
Caused by: java.lang.ClassNotFoundException: freemarker.ext.beans.BeansWrapperBuilder
at java.net.URLClassLoader.findClass(URLClassLoader.java:382)
at java.lang.ClassLoader.loadClass(ClassLoader.java:418)
at sun.misc.Launcher$AppClassLoader.loadClass(Launcher.java:355)
at java.lang.ClassLoader.loadClass(ClassLoader.java:351)
... 26 more
]]>
            </full-stacktrace>
          </exception> <!-- java.lang.NoClassDefFoundError -->
          <reporter-output>
          </reporter-output>
        </test-method> <!-- verifyLuxuryRailslink -->
        <test-method status="SKIP" signature="afterMethod(org.testng.ITestResult)[pri:0, instance:in.co.mercurytravels.tests.MercuryTravelTestCases@6d7b4f4c]" name="afterMethod" is-config="true" duration-ms="0" started-at="2021-04-16T10:09:57Z" finished-at="2021-04-16T10:09:57Z">
          <reporter-output>
          </reporter-output>
        </test-method> <!-- afterMethod -->
        <test-method status="SKIP" signature="verifyUserLoginwithCorrectCredentials()[pri:0, instance:in.co.mercurytravels.tests.MercuryTravelTestCases@6d7b4f4c]" name="verifyUserLoginwithCorrectCredentials" duration-ms="0" started-at="2021-04-16T10:09:57Z" finished-at="2021-04-16T10:09:57Z">
          <exception class="java.lang.NoClassDefFoundError">
            <message>
              <![CDATA[freemarker/ext/beans/BeansWrapperBuilder]]>
            </message>
            <full-stacktrace>
              <![CDATA[java.lang.NoClassDefFoundError: freemarker/ext/beans/BeansWrapperBuilder
at com.aventstack.extentreports.reporter.ExtentHtmlReporter.start(ExtentHtmlReporter.java:93)
at com.aventstack.extentreports.Report.attach(Report.java:55)
at java.util.Spliterators$ArraySpliterator.forEachRemaining(Spliterators.java:948)
at java.util.stream.ReferencePipeline$Head.forEach(ReferencePipeline.java:580)
at com.aventstack.extentreports.ExtentReports.attachReporter(ExtentReports.java:68)
at in.co.mercurytravels.tests.BaseTest.preconfig(BaseTest.java:90)
at sun.reflect.NativeMethodAccessorImpl.invoke0(Native Method)
at sun.reflect.NativeMethodAccessorImpl.invoke(NativeMethodAccessorImpl.java:62)
at sun.reflect.DelegatingMethodAccessorImpl.invoke(DelegatingMethodAccessorImpl.java:43)
at java.lang.reflect.Method.invoke(Method.java:498)
at org.testng.internal.MethodInvocationHelper.invokeMethod(MethodInvocationHelper.java:124)
at org.testng.internal.MethodInvocationHelper.invokeMethodConsideringTimeout(MethodInvocationHelper.java:59)
at org.testng.internal.Invoker.invokeConfigurationMethod(Invoker.java:458)
at org.testng.internal.Invoker.invokeConfigurations(Invoker.java:222)
at org.testng.internal.Invoker.invokeConfigurations(Invoker.java:142)
at org.testng.SuiteRunner.privateRun(SuiteRunner.java:401)
at org.testng.SuiteRunner.run(SuiteRunner.java:364)
at org.testng.SuiteRunnerWorker.runSuite(SuiteRunnerWorker.java:52)
at org.testng.SuiteRunnerWorker.run(SuiteRunnerWorker.java:84)
at org.testng.TestNG.runSuitesSequentially(TestNG.java:1208)
at org.testng.TestNG.runSuitesLocally(TestNG.java:1137)
at org.testng.TestNG.runSuites(TestNG.java:1049)
at org.testng.TestNG.run(TestNG.java:1017)
at org.testng.remote.AbstractRemoteTestNG.run(AbstractRemoteTestNG.java:132)
at org.testng.remote.RemoteTestNG.initAndRun(RemoteTestNG.java:230)
at org.testng.remote.RemoteTestNG.main(RemoteTestNG.java:76)
Caused by: java.lang.ClassNotFoundException: freemarker.ext.beans.BeansWrapperBuilder
at java.net.URLClassLoader.findClass(URLClassLoader.java:382)
at java.lang.ClassLoader.loadClass(ClassLoader.java:418)
at sun.misc.Launcher$AppClassLoader.loadClass(Launcher.java:355)
at java.lang.ClassLoader.loadClass(ClassLoader.java:351)
... 26 more
]]>
            </full-stacktrace>
          </exception> <!-- java.lang.NoClassDefFoundError -->
          <reporter-output>
          </reporter-output>
        </test-method> <!-- verifyUserLoginwithCorrectCredentials -->
        <test-method status="SKIP" signature="afterMethod(org.testng.ITestResult)[pri:0, instance:in.co.mercurytravels.tests.MercuryTravelTestCases@6d7b4f4c]" name="afterMethod" is-config="true" duration-ms="0" started-at="2021-04-16T10:09:57Z" finished-at="2021-04-16T10:09:57Z">
          <reporter-output>
          </reporter-output>
        </test-method> <!-- afterMethod -->
        <test-method status="SKIP" signature="cleanUp()[pri:0, instance:in.co.mercurytravels.tests.MercuryTravelTestCases@6d7b4f4c]" name="cleanUp" is-config="true" duration-ms="0" started-at="2021-04-16T10:09:57Z" finished-at="2021-04-16T10:09:57Z">
          <reporter-output>
          </reporter-output>
        </test-method> <!-- cleanUp -->
        <test-method status="SKIP" signature="postCleanUp()[pri:0, instance:in.co.mercurytravels.tests.MercuryTravelTestCases@6d7b4f4c]" name="postCleanUp" is-config="true" duration-ms="0" started-at="2021-04-16T10:09:57Z" finished-at="2021-04-16T10:09:57Z">
          <reporter-output>
          </reporter-output>
        </test-method> <!-- postCleanUp -->
      </class> <!-- in.co.mercurytravels.tests.MercuryTravelTestCases -->
    </test> <!-- Default test -->
  </suite> <!-- Default suite -->
</testng-results>
